

Microchip MPLAB XC8 Assembler V2.31 build 20201012212115 
                                                                                               Fri Feb 05 23:00:47 2021

Microchip MPLAB XC8 C Compiler v2.31 (Free license) build 20201012212115 Og1 
     1                           	processor	16F887
     2                           	pagewidth 120
     3                           	opt	flic
     4                           	psect	idataBANK0,global,class=CODE,delta=2,noexec
     5                           	psect	strings,global,class=STRING,delta=2,noexec
     6                           	psect	cinit,global,class=CODE,merge=1,delta=2
     7                           	psect	bssBANK0,global,class=BANK0,space=1,delta=1,noexec
     8                           	psect	dataBANK0,global,class=BANK0,space=1,delta=1,noexec
     9                           	psect	cstackCOMMON,global,class=COMMON,space=1,delta=1,noexec
    10                           	psect	cstackBANK0,global,class=BANK0,space=1,delta=1,noexec
    11                           	psect	maintext,global,class=CODE,split=1,delta=2
    12                           	psect	text1,local,class=CODE,merge=1,delta=2
    13                           	psect	text2,local,class=CODE,merge=1,delta=2
    14                           	psect	text3,local,class=CODE,merge=1,delta=2
    15                           	psect	text4,local,class=CODE,merge=1,delta=2,group=1
    16                           	psect	text5,local,class=CODE,merge=1,delta=2
    17                           	psect	config,global,abs,ovrld,class=CONFIG,space=4,delta=2,noexec
    18                           	dabs	1,0x7E,2
    19  0000                     
    20                           ; Version 2.20
    21                           ; Generated 12/02/2020 GMT
    22                           ; 
    23                           ; Copyright © 2020, Microchip Technology Inc. and its subsidiaries ("Microchip")
    24                           ; All rights reserved.
    25                           ; 
    26                           ; This software is developed by Microchip Technology Inc. and its subsidiaries ("Microch
      +                          ip").
    27                           ; 
    28                           ; Redistribution and use in source and binary forms, with or without modification, are
    29                           ; permitted provided that the following conditions are met:
    30                           ; 
    31                           ;     1. Redistributions of source code must retain the above copyright notice, this lis
      +                          t of
    32                           ;        conditions and the following disclaimer.
    33                           ; 
    34                           ;     2. Redistributions in binary form must reproduce the above copyright notice, this 
      +                          list
    35                           ;        of conditions and the following disclaimer in the documentation and/or other
    36                           ;        materials provided with the distribution.
    37                           ; 
    38                           ;     3. Microchip's name may not be used to endorse or promote products derived from th
      +                          is
    39                           ;        software without specific prior written permission.
    40                           ; 
    41                           ; THIS SOFTWARE IS PROVIDED BY MICROCHIP "AS IS" AND ANY EXPRESS OR IMPLIED WARRANTIES,
    42                           ; INCLUDING, BUT NOT LIMITED TO, THE IMPLIED WARRANTIES OF MERCHANTABILITY AND FITNESS F
      +                          OR
    43                           ; PURPOSE ARE DISCLAIMED.  IN NO EVENT SHALL MICROCHIP BE LIABLE FOR ANY DIRECT, INDIREC
      +                          T,
    44                           ; INCIDENTAL, SPECIAL, EXEMPLARY, OR CONSEQUENTIAL DAMAGES (INCLUDING BUT NOT LIMITED TO
    45                           ; PROCUREMENT OF SUBSTITUTE GOODS OR SERVICES; LOSS OF USE, DATA OR PROFITS; OR BUSINESS
    46                           ; INTERRUPTION) HOWSOEVER CAUSED AND ON ANY THEORY OF LIABILITY, WHETHER IN CONTRACT, ST
      +                          RICT
    47                           ; LIABILITY, OR TORT (INCLUDING NEGLIGENCE OR OTHERWISE) ARISING IN ANY WAY OUT OF THE U
      +                          SE OF
    48                           ; THIS SOFTWARE, EVEN IF ADVISED OF THE POSSIBILITY OF SUCH DAMAGE.
    49                           ; 
    50                           ; 
    51                           ; Code-generator required, PIC16F887 Definitions
    52                           ; 
    53                           ; SFR Addresses
    54  0000                     	;# 
    55  0001                     	;# 
    56  0002                     	;# 
    57  0003                     	;# 
    58  0004                     	;# 
    59  0005                     	;# 
    60  0006                     	;# 
    61  0007                     	;# 
    62  0008                     	;# 
    63  0009                     	;# 
    64  000A                     	;# 
    65  000B                     	;# 
    66  000C                     	;# 
    67  000D                     	;# 
    68  000E                     	;# 
    69  000E                     	;# 
    70  000F                     	;# 
    71  0010                     	;# 
    72  0011                     	;# 
    73  0012                     	;# 
    74  0013                     	;# 
    75  0014                     	;# 
    76  0015                     	;# 
    77  0015                     	;# 
    78  0016                     	;# 
    79  0017                     	;# 
    80  0018                     	;# 
    81  0019                     	;# 
    82  001A                     	;# 
    83  001B                     	;# 
    84  001B                     	;# 
    85  001C                     	;# 
    86  001D                     	;# 
    87  001E                     	;# 
    88  001F                     	;# 
    89  0081                     	;# 
    90  0085                     	;# 
    91  0086                     	;# 
    92  0087                     	;# 
    93  0088                     	;# 
    94  0089                     	;# 
    95  008C                     	;# 
    96  008D                     	;# 
    97  008E                     	;# 
    98  008F                     	;# 
    99  0090                     	;# 
   100  0091                     	;# 
   101  0092                     	;# 
   102  0093                     	;# 
   103  0093                     	;# 
   104  0093                     	;# 
   105  0094                     	;# 
   106  0095                     	;# 
   107  0096                     	;# 
   108  0097                     	;# 
   109  0098                     	;# 
   110  0099                     	;# 
   111  009A                     	;# 
   112  009B                     	;# 
   113  009C                     	;# 
   114  009D                     	;# 
   115  009E                     	;# 
   116  009F                     	;# 
   117  0105                     	;# 
   118  0107                     	;# 
   119  0108                     	;# 
   120  0109                     	;# 
   121  010C                     	;# 
   122  010C                     	;# 
   123  010D                     	;# 
   124  010E                     	;# 
   125  010F                     	;# 
   126  0185                     	;# 
   127  0187                     	;# 
   128  0188                     	;# 
   129  0189                     	;# 
   130  018C                     	;# 
   131  018D                     	;# 
   132  0000                     	;# 
   133  0001                     	;# 
   134  0002                     	;# 
   135  0003                     	;# 
   136  0004                     	;# 
   137  0005                     	;# 
   138  0006                     	;# 
   139  0007                     	;# 
   140  0008                     	;# 
   141  0009                     	;# 
   142  000A                     	;# 
   143  000B                     	;# 
   144  000C                     	;# 
   145  000D                     	;# 
   146  000E                     	;# 
   147  000E                     	;# 
   148  000F                     	;# 
   149  0010                     	;# 
   150  0011                     	;# 
   151  0012                     	;# 
   152  0013                     	;# 
   153  0014                     	;# 
   154  0015                     	;# 
   155  0015                     	;# 
   156  0016                     	;# 
   157  0017                     	;# 
   158  0018                     	;# 
   159  0019                     	;# 
   160  001A                     	;# 
   161  001B                     	;# 
   162  001B                     	;# 
   163  001C                     	;# 
   164  001D                     	;# 
   165  001E                     	;# 
   166  001F                     	;# 
   167  0081                     	;# 
   168  0085                     	;# 
   169  0086                     	;# 
   170  0087                     	;# 
   171  0088                     	;# 
   172  0089                     	;# 
   173  008C                     	;# 
   174  008D                     	;# 
   175  008E                     	;# 
   176  008F                     	;# 
   177  0090                     	;# 
   178  0091                     	;# 
   179  0092                     	;# 
   180  0093                     	;# 
   181  0093                     	;# 
   182  0093                     	;# 
   183  0094                     	;# 
   184  0095                     	;# 
   185  0096                     	;# 
   186  0097                     	;# 
   187  0098                     	;# 
   188  0099                     	;# 
   189  009A                     	;# 
   190  009B                     	;# 
   191  009C                     	;# 
   192  009D                     	;# 
   193  009E                     	;# 
   194  009F                     	;# 
   195  0105                     	;# 
   196  0107                     	;# 
   197  0108                     	;# 
   198  0109                     	;# 
   199  010C                     	;# 
   200  010C                     	;# 
   201  010D                     	;# 
   202  010E                     	;# 
   203  010F                     	;# 
   204  0185                     	;# 
   205  0187                     	;# 
   206  0188                     	;# 
   207  0189                     	;# 
   208  018C                     	;# 
   209  018D                     	;# 
   210                           
   211                           	psect	idataBANK0
   212  0648                     __pidataBANK0:
   213                           
   214                           ;initializer for _todo
   215  0648  3401               	retlw	1
   216                           
   217                           ;initializer for _ciclo
   218  0649  3401               	retlw	1
   219                           
   220                           	psect	strings
   221  0003                     __pstrings:
   222  0003                     stringtab:
   223  0003                     __stringtab:
   224  0003                     stringcode:	
   225                           ;	String table - string pointers are 1 byte each
   226                           
   227  0003                     stringdir:
   228  0003  3000               	movlw	high stringdir
   229  0004  008A               	movwf	10
   230  0005  0804               	movf	4,w
   231  0006  0A84               	incf	4,f
   232  0007  0782               	addwf	2,f
   233  0008                     __stringbase:
   234  0008  3400               	retlw	0
   235  0009                     __end_of__stringtab:
   236  0009                     _display:
   237  0009  3411               	retlw	17
   238  000A  3410               	retlw	16
   239  000B  3411               	retlw	17
   240  000C  3411               	retlw	17
   241  000D  3410               	retlw	16
   242  000E  3401               	retlw	1
   243  000F  3401               	retlw	1
   244  0010  3411               	retlw	17
   245  0011  3411               	retlw	17
   246  0012  3411               	retlw	17
   247  0013  3411               	retlw	17
   248  0014  3400               	retlw	0
   249  0015  3401               	retlw	1
   250  0016  3410               	retlw	16
   251  0017  3410               	retlw	16
   252  0018  3410               	retlw	16
   253  0019                     __end_of_display:
   254  0007                     _PORTCbits	set	7
   255  001E                     _ADRESH	set	30
   256  000B                     _INTCONbits	set	11
   257  0009                     _PORTE	set	9
   258  0008                     _PORTD	set	8
   259  0007                     _PORTC	set	7
   260  0006                     _PORTB	set	6
   261  0005                     _PORTA	set	5
   262  001F                     _ADCON0bits	set	31
   263  0006                     _PORTBbits	set	6
   264  0096                     _IOCB	set	150
   265  008C                     _PIE1bits	set	140
   266  009F                     _ADCON1bits	set	159
   267  0089                     _TRISE	set	137
   268  0088                     _TRISD	set	136
   269  0087                     _TRISC	set	135
   270  0086                     _TRISB	set	134
   271  0085                     _TRISA	set	133
   272  008F                     _OSCCONbits	set	143
   273  0096                     _IOCBbits	set	150
   274  0188                     _ANSELbits	set	392
   275  0189                     _ANSELH	set	393
   276                           
   277                           	psect	cinit
   278  07E4                     start_initialization:	
   279                           ; #config settings
   280                           
   281  07E4                     __initialization:
   282                           
   283                           ; Initialize objects allocated to BANK0
   284  07E4  120A  118A  2648  120A  118A  	fcall	__pidataBANK0	;fetch initializer
   285  07E9  00AC               	movwf	__pdataBANK0& (0+127)
   286  07EA  120A  118A  2649  120A  118A  	fcall	__pidataBANK0+1	;fetch initializer
   287  07EF  00AD               	movwf	(__pdataBANK0+1)& (0+127)
   288                           
   289                           ; Clear objects allocated to BANK0
   290  07F0  01A0               	clrf	__pbssBANK0& (0+127)
   291  07F1  01A1               	clrf	(__pbssBANK0+1)& (0+127)
   292  07F2  01A2               	clrf	(__pbssBANK0+2)& (0+127)
   293  07F3  01A3               	clrf	(__pbssBANK0+3)& (0+127)
   294  07F4  01A4               	clrf	(__pbssBANK0+4)& (0+127)
   295  07F5  01A5               	clrf	(__pbssBANK0+5)& (0+127)
   296  07F6  01A6               	clrf	(__pbssBANK0+6)& (0+127)
   297  07F7  01A7               	clrf	(__pbssBANK0+7)& (0+127)
   298  07F8  01A8               	clrf	(__pbssBANK0+8)& (0+127)
   299  07F9  01A9               	clrf	(__pbssBANK0+9)& (0+127)
   300  07FA  01AA               	clrf	(__pbssBANK0+10)& (0+127)
   301  07FB  01AB               	clrf	(__pbssBANK0+11)& (0+127)
   302  07FC                     end_of_initialization:	
   303                           ;End of C runtime variable initialization code
   304                           
   305  07FC                     __end_of__initialization:
   306  07FC  0183               	clrf	3
   307  07FD  120A  118A  2F6C   	ljmp	_main	;jump to C main() function
   308                           
   309                           	psect	bssBANK0
   310  0020                     __pbssBANK0:
   311  0020                     _volt:
   312  0020                     	ds	4
   313  0024                     _seg_2:
   314  0024                     	ds	2
   315  0026                     _seg_1:
   316  0026                     	ds	2
   317  0028                     _adc:
   318  0028                     	ds	2
   319  002A                     _cont0:
   320  002A                     	ds	2
   321                           
   322                           	psect	dataBANK0
   323  002C                     __pdataBANK0:
   324  002C                     _todo:
   325  002C                     	ds	1
   326  002D                     _ciclo:
   327  002D                     	ds	1
   328                           
   329                           	psect	cstackCOMMON
   330  0070                     __pcstackCOMMON:
   331  0070                     ?_setup:
   332  0070                     ??_setup:	
   333                           ; 1 bytes @ 0x0
   334                           
   335  0070                     ?_aumentar:	
   336                           ; 1 bytes @ 0x0
   337                           
   338  0070                     ??_aumentar:	
   339                           ; 1 bytes @ 0x0
   340                           
   341  0070                     ?_restar:	
   342                           ; 1 bytes @ 0x0
   343                           
   344  0070                     ??_restar:	
   345                           ; 1 bytes @ 0x0
   346                           
   347  0070                     ?_multiplexor:	
   348                           ; 1 bytes @ 0x0
   349                           
   350  0070                     ?_main:	
   351                           ; 1 bytes @ 0x0
   352                           
   353  0070                     ?___awdiv:	
   354                           ; 1 bytes @ 0x0
   355                           
   356  0070                     ___awdiv@divisor:	
   357                           ; 2 bytes @ 0x0
   358                           
   359                           
   360                           ; 2 bytes @ 0x0
   361  0070                     	ds	2
   362  0072                     ___awdiv@dividend:
   363                           
   364                           ; 2 bytes @ 0x2
   365  0072                     	ds	2
   366  0074                     ??___awdiv:
   367                           
   368                           ; 1 bytes @ 0x4
   369  0074                     	ds	1
   370  0075                     ___awdiv@counter:
   371                           
   372                           ; 1 bytes @ 0x5
   373  0075                     	ds	1
   374  0076                     ___awdiv@sign:
   375                           
   376                           ; 1 bytes @ 0x6
   377  0076                     	ds	1
   378  0077                     ___awdiv@quotient:
   379                           
   380                           ; 2 bytes @ 0x7
   381  0077                     	ds	2
   382  0079                     ??_multiplexor:
   383                           
   384                           ; 1 bytes @ 0x9
   385  0079                     	ds	2
   386  007B                     ??_main:
   387                           
   388                           ; 1 bytes @ 0xB
   389  007B                     	ds	3
   390                           
   391                           	psect	cstackBANK0
   392  002E                     __pcstackBANK0:
   393  002E                     _main$313:
   394                           
   395                           ; 1 bytes @ 0x0
   396  002E                     	ds	1
   397  002F                     _main$314:
   398                           
   399                           ; 1 bytes @ 0x1
   400  002F                     	ds	1
   401                           
   402                           	psect	maintext
   403  076C                     __pmaintext:	
   404 ;;
   405 ;;Main: autosize = 0, tempsize = 3, incstack = 0, save=0
   406 ;;
   407 ;; *************** function _main *****************
   408 ;; Defined at:
   409 ;;		line 71 in file "interupciones.c"
   410 ;; Parameters:    Size  Location     Type
   411 ;;		None
   412 ;; Auto vars:     Size  Location     Type
   413 ;;		None
   414 ;; Return value:  Size  Location     Type
   415 ;;                  1    wreg      void 
   416 ;; Registers used:
   417 ;;		wreg, fsr0l, fsr0h, status,2, status,0, btemp+1, pclath, cstack
   418 ;; Tracked objects:
   419 ;;		On entry : B00/0
   420 ;;		On exit  : 0/0
   421 ;;		Unchanged: 0/0
   422 ;; Data sizes:     COMMON   BANK0   BANK1   BANK3   BANK2
   423 ;;      Params:         0       0       0       0       0
   424 ;;      Locals:         0       2       0       0       0
   425 ;;      Temps:          3       0       0       0       0
   426 ;;      Totals:         3       2       0       0       0
   427 ;;Total ram usage:        5 bytes
   428 ;; Hardware stack levels required when called:    2
   429 ;; This function calls:
   430 ;;		_aumentar
   431 ;;		_multiplexor
   432 ;;		_restar
   433 ;;		_setup
   434 ;; This function is called by:
   435 ;;		Startup code after reset
   436 ;; This function uses a non-reentrant model
   437 ;;
   438                           
   439                           
   440                           ;psect for function _main
   441  076C                     _main:
   442  076C                     l1026:	
   443                           ;incstack = 0
   444                           ; Regs used in _main: [wreg-fsr0h+status,2+status,0+btemp+1+pclath+cstack]
   445                           
   446                           
   447                           ;interupciones.c: 74:     setup();
   448  076C  120A  118A  268C  120A  118A  	fcall	_setup
   449  0771                     l1028:
   450                           
   451                           ;interupciones.c: 76:         _delay((unsigned long)((300)*(8000000/4000.0)));
   452  0771  3004               	movlw	4
   453  0772  00FD               	movwf	??_main+2
   454  0773  300C               	movlw	12
   455  0774  00FC               	movwf	??_main+1
   456  0775  3033               	movlw	51
   457  0776  00FB               	movwf	??_main
   458  0777                     u377:
   459  0777  0BFB               	decfsz	??_main,f
   460  0778  2F77               	goto	u377
   461  0779  0BFC               	decfsz	??_main+1,f
   462  077A  2F77               	goto	u377
   463  077B  0BFD               	decfsz	??_main+2,f
   464  077C  2F77               	goto	u377
   465  077D  2F7E               	nop2
   466  077E                     l1030:
   467                           
   468                           ;interupciones.c: 77:         if (IOCBbits.IOCB0 = 1 && PORTBbits.RB0 == 1) {
   469  077E  1283               	bcf	3,5	;RP0=0, select bank0
   470  077F  1303               	bcf	3,6	;RP1=0, select bank0
   471  0780  01AE               	clrf	_main$313
   472  0781                     l1032:
   473  0781  1C06               	btfss	6,0	;volatile
   474  0782  2F84               	goto	u311
   475  0783  2F85               	goto	u310
   476  0784                     u311:
   477  0784  2F87               	goto	l1036
   478  0785                     u310:
   479  0785                     l1034:
   480  0785  01AE               	clrf	_main$313
   481  0786  0AAE               	incf	_main$313,f
   482  0787                     l1036:
   483  0787  1683               	bsf	3,5	;RP0=1, select bank1
   484  0788  1303               	bcf	3,6	;RP1=0, select bank1
   485  0789  0816               	movf	22,w	;volatile
   486  078A  1283               	bcf	3,5	;RP0=0, select bank0
   487  078B  1303               	bcf	3,6	;RP1=0, select bank0
   488  078C  062E               	xorwf	_main$313,w
   489  078D  39FE               	andlw	-2
   490  078E  062E               	xorwf	_main$313,w
   491  078F  1683               	bsf	3,5	;RP0=1, select bank1
   492  0790  1303               	bcf	3,6	;RP1=0, select bank1
   493  0791  0096               	movwf	22	;volatile
   494  0792  0816               	movf	22,w	;volatile
   495  0793  3901               	andlw	1
   496  0794  3A00               	xorlw	0
   497  0795  1903               	skipnz
   498  0796  2F98               	goto	u321
   499  0797  2F99               	goto	u320
   500  0798                     u321:
   501  0798  2F9E               	goto	l1040
   502  0799                     u320:
   503  0799                     l1038:
   504                           
   505                           ;interupciones.c: 78:             aumentar();
   506  0799  120A  118A  264A  120A  118A  	fcall	_aumentar
   507  079E                     l1040:
   508                           
   509                           ;interupciones.c: 80:         if (IOCBbits.IOCB3 = 1 && PORTBbits.RB3 == 1) {
   510  079E  1283               	bcf	3,5	;RP0=0, select bank0
   511  079F  1303               	bcf	3,6	;RP1=0, select bank0
   512  07A0  01AF               	clrf	_main$314
   513  07A1                     l1042:
   514  07A1  1D86               	btfss	6,3	;volatile
   515  07A2  2FA4               	goto	u331
   516  07A3  2FA5               	goto	u330
   517  07A4                     u331:
   518  07A4  2FA7               	goto	l1046
   519  07A5                     u330:
   520  07A5                     l1044:
   521  07A5  01AF               	clrf	_main$314
   522  07A6  0AAF               	incf	_main$314,f
   523  07A7                     l1046:
   524  07A7  082F               	movf	_main$314,w
   525  07A8  00FB               	movwf	??_main
   526  07A9  0DFB               	rlf	??_main,f
   527  07AA  0DFB               	rlf	??_main,f
   528  07AB  0DFB               	rlf	??_main,f
   529  07AC  1683               	bsf	3,5	;RP0=1, select bank1
   530  07AD  1303               	bcf	3,6	;RP1=0, select bank1
   531  07AE  0816               	movf	22,w	;volatile
   532  07AF  067B               	xorwf	??_main,w
   533  07B0  39F7               	andlw	-9
   534  07B1  067B               	xorwf	??_main,w
   535  07B2  0096               	movwf	22	;volatile
   536  07B3  0C16               	rrf	22,w	;volatile
   537  07B4  00FC               	movwf	??_main+1
   538  07B5  0CFC               	rrf	??_main+1,f
   539  07B6  0C7C               	rrf	??_main+1,w
   540  07B7  3901               	andlw	1
   541  07B8  3A00               	xorlw	0
   542  07B9  1903               	skipnz
   543  07BA  2FBC               	goto	u341
   544  07BB  2FBD               	goto	u340
   545  07BC                     u341:
   546  07BC  2FC2               	goto	l1050
   547  07BD                     u340:
   548  07BD                     l1048:
   549                           
   550                           ;interupciones.c: 81:             restar();
   551  07BD  120A  118A  266B  120A  118A  	fcall	_restar
   552  07C2                     l1050:
   553                           
   554                           ;interupciones.c: 83:         if (cont0 > 255) {
   555  07C2  1283               	bcf	3,5	;RP0=0, select bank0
   556  07C3  1303               	bcf	3,6	;RP1=0, select bank0
   557  07C4  082B               	movf	_cont0+1,w
   558  07C5  3A80               	xorlw	128
   559  07C6  00FF               	movwf	btemp+1
   560  07C7  3081               	movlw	129
   561  07C8  027F               	subwf	btemp+1,w
   562  07C9  1D03               	skipz
   563  07CA  2FCD               	goto	u355
   564  07CB  3000               	movlw	0
   565  07CC  022A               	subwf	_cont0,w
   566  07CD                     u355:
   567  07CD  1C03               	skipc
   568  07CE  2FD0               	goto	u351
   569  07CF  2FD1               	goto	u350
   570  07D0                     u351:
   571  07D0  2FD5               	goto	l1054
   572  07D1                     u350:
   573  07D1                     l1052:
   574                           
   575                           ;interupciones.c: 84:             cont0 = 0;
   576  07D1  1283               	bcf	3,5	;RP0=0, select bank0
   577  07D2  1303               	bcf	3,6	;RP1=0, select bank0
   578  07D3  01AA               	clrf	_cont0
   579  07D4  01AB               	clrf	_cont0+1
   580  07D5                     l1054:
   581                           
   582                           ;interupciones.c: 87:         if (ADCON0bits.GO_DONE == 0) {
   583  07D5  1283               	bcf	3,5	;RP0=0, select bank0
   584  07D6  1303               	bcf	3,6	;RP1=0, select bank0
   585  07D7  189F               	btfsc	31,1	;volatile
   586  07D8  2FDA               	goto	u361
   587  07D9  2FDB               	goto	u360
   588  07DA                     u361:
   589  07DA  2F71               	goto	l1028
   590  07DB                     u360:
   591  07DB                     l1056:
   592                           
   593                           ;interupciones.c: 88:             multiplexor();
   594  07DB  120A  118A  26C2  120A  118A  	fcall	_multiplexor
   595  07E0  2F71               	goto	l1028
   596  07E1  120A  118A  2800   	ljmp	start
   597  07E4                     __end_of_main:
   598                           
   599                           	psect	text1
   600  068C                     __ptext1:	
   601 ;; *************** function _setup *****************
   602 ;; Defined at:
   603 ;;		line 97 in file "interupciones.c"
   604 ;; Parameters:    Size  Location     Type
   605 ;;		None
   606 ;; Auto vars:     Size  Location     Type
   607 ;;		None
   608 ;; Return value:  Size  Location     Type
   609 ;;                  1    wreg      void 
   610 ;; Registers used:
   611 ;;		wreg, status,2, status,0
   612 ;; Tracked objects:
   613 ;;		On entry : 0/0
   614 ;;		On exit  : 0/0
   615 ;;		Unchanged: 0/0
   616 ;; Data sizes:     COMMON   BANK0   BANK1   BANK3   BANK2
   617 ;;      Params:         0       0       0       0       0
   618 ;;      Locals:         0       0       0       0       0
   619 ;;      Temps:          0       0       0       0       0
   620 ;;      Totals:         0       0       0       0       0
   621 ;;Total ram usage:        0 bytes
   622 ;; Hardware stack levels used:    1
   623 ;; This function calls:
   624 ;;		Nothing
   625 ;; This function is called by:
   626 ;;		_main
   627 ;; This function uses a non-reentrant model
   628 ;;
   629                           
   630                           
   631                           ;psect for function _setup
   632  068C                     _setup:
   633  068C                     l920:	
   634                           ;incstack = 0
   635                           ; Regs used in _setup: [wreg+status,2+status,0]
   636                           
   637                           
   638                           ;interupciones.c: 100:     OSCCONbits.IRCF = 0b111;
   639  068C  3070               	movlw	112
   640  068D  1683               	bsf	3,5	;RP0=1, select bank1
   641  068E  1303               	bcf	3,6	;RP1=0, select bank1
   642  068F  048F               	iorwf	15,f	;volatile
   643  0690                     l922:
   644                           
   645                           ;interupciones.c: 101:     OSCCONbits.SCS = 0b00;
   646  0690  100F               	bcf	15,0	;volatile
   647  0691                     l924:
   648                           
   649                           ;interupciones.c: 104:     TRISA = 0b00000000;
   650  0691  0185               	clrf	5	;volatile
   651  0692                     l926:
   652                           
   653                           ;interupciones.c: 105:     TRISB = 0b01111111;
   654  0692  307F               	movlw	127
   655  0693  0086               	movwf	6	;volatile
   656  0694                     l928:
   657                           
   658                           ;interupciones.c: 106:     TRISC = 0b00000000;
   659  0694  0187               	clrf	7	;volatile
   660  0695                     l930:
   661                           
   662                           ;interupciones.c: 107:     TRISD = 0b00000000;
   663  0695  0188               	clrf	8	;volatile
   664  0696                     l932:
   665                           
   666                           ;interupciones.c: 108:     TRISE = 1;
   667  0696  3001               	movlw	1
   668  0697  0089               	movwf	9	;volatile
   669  0698                     l934:
   670                           
   671                           ;interupciones.c: 110:     PORTA = 0;
   672  0698  1283               	bcf	3,5	;RP0=0, select bank0
   673  0699  1303               	bcf	3,6	;RP1=0, select bank0
   674  069A  0185               	clrf	5	;volatile
   675  069B                     l936:
   676                           
   677                           ;interupciones.c: 111:     PORTB = 0;
   678  069B  0186               	clrf	6	;volatile
   679  069C                     l938:
   680                           
   681                           ;interupciones.c: 112:     PORTC = 0;
   682  069C  0187               	clrf	7	;volatile
   683  069D                     l940:
   684                           
   685                           ;interupciones.c: 113:     PORTD = 0;
   686  069D  0188               	clrf	8	;volatile
   687  069E                     l942:
   688                           
   689                           ;interupciones.c: 114:     PORTE = 0b00010;
   690  069E  3002               	movlw	2
   691  069F  0089               	movwf	9	;volatile
   692  06A0                     l944:
   693                           
   694                           ;interupciones.c: 115:     ANSELH = 0;
   695  06A0  1683               	bsf	3,5	;RP0=1, select bank3
   696  06A1  1703               	bsf	3,6	;RP1=1, select bank3
   697  06A2  0189               	clrf	9	;volatile
   698  06A3                     l946:
   699                           
   700                           ;interupciones.c: 117:     ANSELbits.ANS6 = 0;
   701  06A3  1308               	bcf	8,6	;volatile
   702  06A4                     l948:
   703                           
   704                           ;interupciones.c: 118:     ADCON0bits.ADCS0 = 1;
   705  06A4  1283               	bcf	3,5	;RP0=0, select bank0
   706  06A5  1303               	bcf	3,6	;RP1=0, select bank0
   707  06A6  171F               	bsf	31,6	;volatile
   708  06A7                     l950:
   709                           
   710                           ;interupciones.c: 119:     ADCON0bits.ADCS1 = 0;
   711  06A7  139F               	bcf	31,7	;volatile
   712  06A8                     l952:
   713                           
   714                           ;interupciones.c: 120:     ADCON0bits.CHS0 = 0;
   715  06A8  111F               	bcf	31,2	;volatile
   716  06A9                     l954:
   717                           
   718                           ;interupciones.c: 121:     ADCON0bits.CHS1 = 1;
   719  06A9  159F               	bsf	31,3	;volatile
   720  06AA                     l956:
   721                           
   722                           ;interupciones.c: 122:     ADCON0bits.CHS2 = 1;
   723  06AA  161F               	bsf	31,4	;volatile
   724  06AB                     l958:
   725                           
   726                           ;interupciones.c: 123:     ADCON0bits.CHS3 = 0;
   727  06AB  129F               	bcf	31,5	;volatile
   728  06AC                     l960:
   729                           
   730                           ;interupciones.c: 124:     ADCON1bits.VCFG0 = 0;
   731  06AC  1683               	bsf	3,5	;RP0=1, select bank1
   732  06AD  1303               	bcf	3,6	;RP1=0, select bank1
   733  06AE  121F               	bcf	31,4	;volatile
   734  06AF                     l962:
   735                           
   736                           ;interupciones.c: 125:     ADCON1bits.VCFG1 = 0;
   737  06AF  129F               	bcf	31,5	;volatile
   738  06B0                     l964:
   739                           
   740                           ;interupciones.c: 126:     ADCON1bits.ADFM = 0;
   741  06B0  139F               	bcf	31,7	;volatile
   742  06B1                     l966:
   743                           
   744                           ;interupciones.c: 127:     ADCON0bits.GO_DONE = 1;
   745  06B1  1283               	bcf	3,5	;RP0=0, select bank0
   746  06B2  1303               	bcf	3,6	;RP1=0, select bank0
   747  06B3  149F               	bsf	31,1	;volatile
   748  06B4                     l968:
   749                           
   750                           ;interupciones.c: 128:     ADCON0bits.ADON = 1;
   751  06B4  141F               	bsf	31,0	;volatile
   752  06B5                     l970:
   753                           
   754                           ;interupciones.c: 131:     INTCONbits.GIE = 1;
   755  06B5  178B               	bsf	11,7	;volatile
   756  06B6                     l972:
   757                           
   758                           ;interupciones.c: 132:     PIE1bits.ADIE = 0;
   759  06B6  1683               	bsf	3,5	;RP0=1, select bank1
   760  06B7  1303               	bcf	3,6	;RP1=0, select bank1
   761  06B8  130C               	bcf	12,6	;volatile
   762  06B9                     l974:
   763                           
   764                           ;interupciones.c: 133:     PIE1bits.ADIE = 1;
   765  06B9  170C               	bsf	12,6	;volatile
   766  06BA                     l976:
   767                           
   768                           ;interupciones.c: 134:     INTCONbits.GIE = 1;
   769  06BA  178B               	bsf	11,7	;volatile
   770  06BB                     l978:
   771                           
   772                           ;interupciones.c: 135:     INTCONbits.RBIF = 0;
   773  06BB  100B               	bcf	11,0	;volatile
   774  06BC                     l980:
   775                           
   776                           ;interupciones.c: 136:     INTCONbits.RBIF = 1;
   777  06BC  140B               	bsf	11,0	;volatile
   778  06BD                     l982:
   779                           
   780                           ;interupciones.c: 137:     IOCB = 1;
   781  06BD  3001               	movlw	1
   782  06BE  0096               	movwf	22	;volatile
   783  06BF                     l984:
   784                           
   785                           ;interupciones.c: 138:     IOCBbits.IOCB0 = 1;
   786  06BF  1416               	bsf	22,0	;volatile
   787  06C0                     l986:
   788                           
   789                           ;interupciones.c: 139:     IOCBbits.IOCB3 = 1;
   790  06C0  1596               	bsf	22,3	;volatile
   791  06C1                     l89:
   792  06C1  0008               	return
   793  06C2                     __end_of_setup:
   794                           
   795                           	psect	text2
   796  066B                     __ptext2:	
   797 ;; *************** function _restar *****************
   798 ;; Defined at:
   799 ;;		line 170 in file "interupciones.c"
   800 ;; Parameters:    Size  Location     Type
   801 ;;		None
   802 ;; Auto vars:     Size  Location     Type
   803 ;;		None
   804 ;; Return value:  Size  Location     Type
   805 ;;                  1    wreg      void 
   806 ;; Registers used:
   807 ;;		wreg
   808 ;; Tracked objects:
   809 ;;		On entry : 0/0
   810 ;;		On exit  : 0/0
   811 ;;		Unchanged: 0/0
   812 ;; Data sizes:     COMMON   BANK0   BANK1   BANK3   BANK2
   813 ;;      Params:         0       0       0       0       0
   814 ;;      Locals:         0       0       0       0       0
   815 ;;      Temps:          3       0       0       0       0
   816 ;;      Totals:         3       0       0       0       0
   817 ;;Total ram usage:        3 bytes
   818 ;; Hardware stack levels used:    1
   819 ;; This function calls:
   820 ;;		Nothing
   821 ;; This function is called by:
   822 ;;		_main
   823 ;; This function uses a non-reentrant model
   824 ;;
   825                           
   826                           
   827                           ;psect for function _restar
   828  066B                     _restar:
   829  066B                     l998:	
   830                           ;incstack = 0
   831                           ; Regs used in _restar: [wreg]
   832                           
   833                           
   834                           ;interupciones.c: 171:             cont0--;
   835  066B  30FF               	movlw	255
   836  066C  1283               	bcf	3,5	;RP0=0, select bank0
   837  066D  1303               	bcf	3,6	;RP1=0, select bank0
   838  066E  07AA               	addwf	_cont0,f
   839  066F  1803               	skipnc
   840  0670  0AAB               	incf	_cont0+1,f
   841  0671  30FF               	movlw	255
   842  0672  07AB               	addwf	_cont0+1,f
   843                           
   844                           ;interupciones.c: 172:             _delay((unsigned long)((500)*(8000000/4000.0)));
   845  0673  3006               	movlw	6
   846  0674  00F2               	movwf	??_restar+2
   847  0675  3013               	movlw	19
   848  0676  00F1               	movwf	??_restar+1
   849  0677  30AD               	movlw	173
   850  0678  00F0               	movwf	??_restar
   851  0679                     u387:
   852  0679  0BF0               	decfsz	??_restar,f
   853  067A  2E79               	goto	u387
   854  067B  0BF1               	decfsz	??_restar+1,f
   855  067C  2E79               	goto	u387
   856  067D  0BF2               	decfsz	??_restar+2,f
   857  067E  2E79               	goto	u387
   858  067F  2E80               	nop2
   859  0680                     l1000:
   860                           
   861                           ;interupciones.c: 175:             } while (PORTBbits.RB3 == 1);
   862  0680  1283               	bcf	3,5	;RP0=0, select bank0
   863  0681  1303               	bcf	3,6	;RP1=0, select bank0
   864  0682  1986               	btfsc	6,3	;volatile
   865  0683  2E85               	goto	u301
   866  0684  2E86               	goto	u300
   867  0685                     u301:
   868  0685  2E80               	goto	l1000
   869  0686                     u300:
   870  0686                     l1002:
   871                           
   872                           ;interupciones.c: 176:             PORTA = cont0;
   873  0686  082A               	movf	_cont0,w
   874  0687  0085               	movwf	5	;volatile
   875  0688                     l1004:
   876                           
   877                           ;interupciones.c: 177:             IOCBbits.IOCB3 = 0;
   878  0688  1683               	bsf	3,5	;RP0=1, select bank1
   879  0689  1303               	bcf	3,6	;RP1=0, select bank1
   880  068A  1196               	bcf	22,3	;volatile
   881  068B                     l102:
   882  068B  0008               	return
   883  068C                     __end_of_restar:
   884                           
   885                           	psect	text3
   886  06C2                     __ptext3:	
   887 ;; *************** function _multiplexor *****************
   888 ;; Defined at:
   889 ;;		line 147 in file "interupciones.c"
   890 ;; Parameters:    Size  Location     Type
   891 ;;		None
   892 ;; Auto vars:     Size  Location     Type
   893 ;;		None
   894 ;; Return value:  Size  Location     Type
   895 ;;                  1    wreg      void 
   896 ;; Registers used:
   897 ;;		wreg, fsr0l, fsr0h, status,2, status,0, pclath, cstack
   898 ;; Tracked objects:
   899 ;;		On entry : 0/0
   900 ;;		On exit  : 0/0
   901 ;;		Unchanged: 0/0
   902 ;; Data sizes:     COMMON   BANK0   BANK1   BANK3   BANK2
   903 ;;      Params:         0       0       0       0       0
   904 ;;      Locals:         0       0       0       0       0
   905 ;;      Temps:          2       0       0       0       0
   906 ;;      Totals:         2       0       0       0       0
   907 ;;Total ram usage:        2 bytes
   908 ;; Hardware stack levels used:    1
   909 ;; Hardware stack levels required when called:    1
   910 ;; This function calls:
   911 ;;		___awdiv
   912 ;; This function is called by:
   913 ;;		_main
   914 ;; This function uses a non-reentrant model
   915 ;;
   916                           
   917                           
   918                           ;psect for function _multiplexor
   919  06C2                     _multiplexor:
   920  06C2                     l1006:	
   921                           ;incstack = 0
   922                           ; Regs used in _multiplexor: [wreg-fsr0h+status,2+status,0+pclath+cstack]
   923                           
   924                           
   925                           ;interupciones.c: 149:             seg_1 = ADRESH;
   926  06C2  1283               	bcf	3,5	;RP0=0, select bank0
   927  06C3  1303               	bcf	3,6	;RP1=0, select bank0
   928  06C4  081E               	movf	30,w	;volatile
   929  06C5  00F9               	movwf	??_multiplexor
   930  06C6  01FA               	clrf	??_multiplexor+1
   931  06C7  0879               	movf	??_multiplexor,w
   932  06C8  00A6               	movwf	_seg_1
   933  06C9  087A               	movf	??_multiplexor+1,w
   934  06CA  00A7               	movwf	_seg_1+1
   935                           
   936                           ;interupciones.c: 150:             seg_2 = ADRESH;
   937  06CB  081E               	movf	30,w	;volatile
   938  06CC  00F9               	movwf	??_multiplexor
   939  06CD  01FA               	clrf	??_multiplexor+1
   940  06CE  0879               	movf	??_multiplexor,w
   941  06CF  00A4               	movwf	_seg_2
   942  06D0  087A               	movf	??_multiplexor+1,w
   943  06D1  00A5               	movwf	_seg_2+1
   944  06D2                     l1008:
   945                           
   946                           ;interupciones.c: 151:             seg_1 = ((seg_1/16)%16);
   947  06D2  3010               	movlw	16
   948  06D3  00F0               	movwf	___awdiv@divisor
   949  06D4  3000               	movlw	0
   950  06D5  00F1               	movwf	___awdiv@divisor+1
   951  06D6  0827               	movf	_seg_1+1,w
   952  06D7  00F3               	movwf	___awdiv@dividend+1
   953  06D8  0826               	movf	_seg_1,w
   954  06D9  00F2               	movwf	___awdiv@dividend
   955  06DA  120A  118A  2705  120A  118A  	fcall	___awdiv
   956  06DF  300F               	movlw	15
   957  06E0  0570               	andwf	?___awdiv,w
   958  06E1  1283               	bcf	3,5	;RP0=0, select bank0
   959  06E2  1303               	bcf	3,6	;RP1=0, select bank0
   960  06E3  00A6               	movwf	_seg_1
   961  06E4  3000               	movlw	0
   962  06E5  0571               	andwf	?___awdiv+1,w
   963  06E6  00A7               	movwf	_seg_1+1
   964  06E7                     l1010:
   965                           
   966                           ;interupciones.c: 152:             seg_2 = (seg_2%16);
   967  06E7  300F               	movlw	15
   968  06E8  0524               	andwf	_seg_2,w
   969  06E9  00A4               	movwf	_seg_2
   970  06EA  3000               	movlw	0
   971  06EB  0525               	andwf	_seg_2+1,w
   972  06EC  00A5               	movwf	_seg_2+1
   973  06ED                     l1012:
   974                           
   975                           ;interupciones.c: 153:             PORTD = display[seg_1];
   976  06ED  0826               	movf	_seg_1,w
   977  06EE  3E01               	addlw	low ((_display-__stringbase)| (0+32768))
   978  06EF  0084               	movwf	4
   979  06F0  120A  118A  2003  120A  118A  	fcall	stringdir
   980  06F5  0088               	movwf	8	;volatile
   981  06F6                     l1014:
   982                           
   983                           ;interupciones.c: 154:             PORTCbits.RC0 = 1;
   984  06F6  1407               	bsf	7,0	;volatile
   985  06F7                     l1016:
   986                           
   987                           ;interupciones.c: 155:             PORTCbits.RC0 = 0;
   988  06F7  1007               	bcf	7,0	;volatile
   989  06F8                     l1018:
   990                           
   991                           ;interupciones.c: 156:             PORTD = display[seg_2];
   992  06F8  0824               	movf	_seg_2,w
   993  06F9  3E01               	addlw	low ((_display-__stringbase)| (0+32768))
   994  06FA  0084               	movwf	4
   995  06FB  120A  118A  2003  120A  118A  	fcall	stringdir
   996  0700  0088               	movwf	8	;volatile
   997  0701                     l1020:
   998                           
   999                           ;interupciones.c: 157:             PORTCbits.RC1 = 1;
  1000  0701  1487               	bsf	7,1	;volatile
  1001  0702                     l1022:
  1002                           
  1003                           ;interupciones.c: 158:             PORTCbits.RC1 = 0;
  1004  0702  1087               	bcf	7,1	;volatile
  1005  0703                     l1024:
  1006                           
  1007                           ;interupciones.c: 159:             ADCON0bits.GO_DONE =1;
  1008  0703  149F               	bsf	31,1	;volatile
  1009  0704                     l92:
  1010  0704  0008               	return
  1011  0705                     __end_of_multiplexor:
  1012                           
  1013                           	psect	text4
  1014  0705                     __ptext4:	
  1015 ;; *************** function ___awdiv *****************
  1016 ;; Defined at:
  1017 ;;		line 5 in file "C:\Program Files\Microchip\xc8\v2.31\pic\sources\c90\common\awdiv.c"
  1018 ;; Parameters:    Size  Location     Type
  1019 ;;  divisor         2    0[COMMON] int 
  1020 ;;  dividend        2    2[COMMON] int 
  1021 ;; Auto vars:     Size  Location     Type
  1022 ;;  quotient        2    7[COMMON] int 
  1023 ;;  sign            1    6[COMMON] unsigned char 
  1024 ;;  counter         1    5[COMMON] unsigned char 
  1025 ;; Return value:  Size  Location     Type
  1026 ;;                  2    0[COMMON] int 
  1027 ;; Registers used:
  1028 ;;		wreg, status,2, status,0
  1029 ;; Tracked objects:
  1030 ;;		On entry : 0/0
  1031 ;;		On exit  : 0/0
  1032 ;;		Unchanged: 0/0
  1033 ;; Data sizes:     COMMON   BANK0   BANK1   BANK3   BANK2
  1034 ;;      Params:         4       0       0       0       0
  1035 ;;      Locals:         4       0       0       0       0
  1036 ;;      Temps:          1       0       0       0       0
  1037 ;;      Totals:         9       0       0       0       0
  1038 ;;Total ram usage:        9 bytes
  1039 ;; Hardware stack levels used:    1
  1040 ;; This function calls:
  1041 ;;		Nothing
  1042 ;; This function is called by:
  1043 ;;		_multiplexor
  1044 ;; This function uses a non-reentrant model
  1045 ;;
  1046                           
  1047                           
  1048                           ;psect for function ___awdiv
  1049  0705                     ___awdiv:
  1050  0705                     l876:	
  1051                           ;incstack = 0
  1052                           ; Regs used in ___awdiv: [wreg+status,2+status,0]
  1053                           
  1054  0705  01F6               	clrf	___awdiv@sign
  1055  0706                     l878:
  1056  0706  1FF1               	btfss	___awdiv@divisor+1,7
  1057  0707  2F09               	goto	u191
  1058  0708  2F0A               	goto	u190
  1059  0709                     u191:
  1060  0709  2F11               	goto	l884
  1061  070A                     u190:
  1062  070A                     l880:
  1063  070A  09F0               	comf	___awdiv@divisor,f
  1064  070B  09F1               	comf	___awdiv@divisor+1,f
  1065  070C  0AF0               	incf	___awdiv@divisor,f
  1066  070D  1903               	skipnz
  1067  070E  0AF1               	incf	___awdiv@divisor+1,f
  1068  070F                     l882:
  1069  070F  01F6               	clrf	___awdiv@sign
  1070  0710  0AF6               	incf	___awdiv@sign,f
  1071  0711                     l884:
  1072  0711  1FF3               	btfss	___awdiv@dividend+1,7
  1073  0712  2F14               	goto	u201
  1074  0713  2F15               	goto	u200
  1075  0714                     u201:
  1076  0714  2F1E               	goto	l890
  1077  0715                     u200:
  1078  0715                     l886:
  1079  0715  09F2               	comf	___awdiv@dividend,f
  1080  0716  09F3               	comf	___awdiv@dividend+1,f
  1081  0717  0AF2               	incf	___awdiv@dividend,f
  1082  0718  1903               	skipnz
  1083  0719  0AF3               	incf	___awdiv@dividend+1,f
  1084  071A                     l888:
  1085  071A  3001               	movlw	1
  1086  071B  00F4               	movwf	??___awdiv
  1087  071C  0874               	movf	??___awdiv,w
  1088  071D  06F6               	xorwf	___awdiv@sign,f
  1089  071E                     l890:
  1090  071E  01F7               	clrf	___awdiv@quotient
  1091  071F  01F8               	clrf	___awdiv@quotient+1
  1092  0720                     l892:
  1093  0720  0870               	movf	___awdiv@divisor,w
  1094  0721  0471               	iorwf	___awdiv@divisor+1,w
  1095  0722  1903               	btfsc	3,2
  1096  0723  2F25               	goto	u211
  1097  0724  2F26               	goto	u210
  1098  0725                     u211:
  1099  0725  2F5D               	goto	l912
  1100  0726                     u210:
  1101  0726                     l894:
  1102  0726  01F5               	clrf	___awdiv@counter
  1103  0727  0AF5               	incf	___awdiv@counter,f
  1104  0728  2F34               	goto	l900
  1105  0729                     l896:
  1106  0729  3001               	movlw	1
  1107  072A                     u225:
  1108  072A  1003               	clrc
  1109  072B  0DF0               	rlf	___awdiv@divisor,f
  1110  072C  0DF1               	rlf	___awdiv@divisor+1,f
  1111  072D  3EFF               	addlw	-1
  1112  072E  1D03               	skipz
  1113  072F  2F2A               	goto	u225
  1114  0730                     l898:
  1115  0730  3001               	movlw	1
  1116  0731  00F4               	movwf	??___awdiv
  1117  0732  0874               	movf	??___awdiv,w
  1118  0733  07F5               	addwf	___awdiv@counter,f
  1119  0734                     l900:
  1120  0734  1FF1               	btfss	___awdiv@divisor+1,7
  1121  0735  2F37               	goto	u231
  1122  0736  2F38               	goto	u230
  1123  0737                     u231:
  1124  0737  2F29               	goto	l896
  1125  0738                     u230:
  1126  0738                     l902:
  1127  0738  3001               	movlw	1
  1128  0739                     u245:
  1129  0739  1003               	clrc
  1130  073A  0DF7               	rlf	___awdiv@quotient,f
  1131  073B  0DF8               	rlf	___awdiv@quotient+1,f
  1132  073C  3EFF               	addlw	-1
  1133  073D  1D03               	skipz
  1134  073E  2F39               	goto	u245
  1135  073F  0871               	movf	___awdiv@divisor+1,w
  1136  0740  0273               	subwf	___awdiv@dividend+1,w
  1137  0741  1D03               	skipz
  1138  0742  2F45               	goto	u255
  1139  0743  0870               	movf	___awdiv@divisor,w
  1140  0744  0272               	subwf	___awdiv@dividend,w
  1141  0745                     u255:
  1142  0745  1C03               	skipc
  1143  0746  2F48               	goto	u251
  1144  0747  2F49               	goto	u250
  1145  0748                     u251:
  1146  0748  2F50               	goto	l908
  1147  0749                     u250:
  1148  0749                     l904:
  1149  0749  0870               	movf	___awdiv@divisor,w
  1150  074A  02F2               	subwf	___awdiv@dividend,f
  1151  074B  0871               	movf	___awdiv@divisor+1,w
  1152  074C  1C03               	skipc
  1153  074D  03F3               	decf	___awdiv@dividend+1,f
  1154  074E  02F3               	subwf	___awdiv@dividend+1,f
  1155  074F                     l906:
  1156  074F  1477               	bsf	___awdiv@quotient,0
  1157  0750                     l908:
  1158  0750  3001               	movlw	1
  1159  0751                     u265:
  1160  0751  1003               	clrc
  1161  0752  0CF1               	rrf	___awdiv@divisor+1,f
  1162  0753  0CF0               	rrf	___awdiv@divisor,f
  1163  0754  3EFF               	addlw	-1
  1164  0755  1D03               	skipz
  1165  0756  2F51               	goto	u265
  1166  0757                     l910:
  1167  0757  3001               	movlw	1
  1168  0758  02F5               	subwf	___awdiv@counter,f
  1169  0759  1D03               	btfss	3,2
  1170  075A  2F5C               	goto	u271
  1171  075B  2F5D               	goto	u270
  1172  075C                     u271:
  1173  075C  2F38               	goto	l902
  1174  075D                     u270:
  1175  075D                     l912:
  1176  075D  0876               	movf	___awdiv@sign,w
  1177  075E  1903               	btfsc	3,2
  1178  075F  2F61               	goto	u281
  1179  0760  2F62               	goto	u280
  1180  0761                     u281:
  1181  0761  2F67               	goto	l916
  1182  0762                     u280:
  1183  0762                     l914:
  1184  0762  09F7               	comf	___awdiv@quotient,f
  1185  0763  09F8               	comf	___awdiv@quotient+1,f
  1186  0764  0AF7               	incf	___awdiv@quotient,f
  1187  0765  1903               	skipnz
  1188  0766  0AF8               	incf	___awdiv@quotient+1,f
  1189  0767                     l916:
  1190  0767  0878               	movf	___awdiv@quotient+1,w
  1191  0768  00F1               	movwf	?___awdiv+1
  1192  0769  0877               	movf	___awdiv@quotient,w
  1193  076A  00F0               	movwf	?___awdiv
  1194  076B                     l341:
  1195  076B  0008               	return
  1196  076C                     __end_of___awdiv:
  1197                           
  1198                           	psect	text5
  1199  064A                     __ptext5:	
  1200 ;; *************** function _aumentar *****************
  1201 ;; Defined at:
  1202 ;;		line 162 in file "interupciones.c"
  1203 ;; Parameters:    Size  Location     Type
  1204 ;;		None
  1205 ;; Auto vars:     Size  Location     Type
  1206 ;;		None
  1207 ;; Return value:  Size  Location     Type
  1208 ;;                  1    wreg      void 
  1209 ;; Registers used:
  1210 ;;		wreg
  1211 ;; Tracked objects:
  1212 ;;		On entry : 0/0
  1213 ;;		On exit  : 0/0
  1214 ;;		Unchanged: 0/0
  1215 ;; Data sizes:     COMMON   BANK0   BANK1   BANK3   BANK2
  1216 ;;      Params:         0       0       0       0       0
  1217 ;;      Locals:         0       0       0       0       0
  1218 ;;      Temps:          3       0       0       0       0
  1219 ;;      Totals:         3       0       0       0       0
  1220 ;;Total ram usage:        3 bytes
  1221 ;; Hardware stack levels used:    1
  1222 ;; This function calls:
  1223 ;;		Nothing
  1224 ;; This function is called by:
  1225 ;;		_main
  1226 ;; This function uses a non-reentrant model
  1227 ;;
  1228                           
  1229                           
  1230                           ;psect for function _aumentar
  1231  064A                     _aumentar:
  1232  064A                     l988:	
  1233                           ;incstack = 0
  1234                           ; Regs used in _aumentar: [wreg]
  1235                           
  1236                           
  1237                           ;interupciones.c: 163:     PORTBbits.RB7 = 1;
  1238  064A  1283               	bcf	3,5	;RP0=0, select bank0
  1239  064B  1303               	bcf	3,6	;RP1=0, select bank0
  1240  064C  1786               	bsf	6,7	;volatile
  1241  064D                     l990:
  1242                           
  1243                           ;interupciones.c: 164:             cont0++;
  1244  064D  3001               	movlw	1
  1245  064E  07AA               	addwf	_cont0,f
  1246  064F  1803               	skipnc
  1247  0650  0AAB               	incf	_cont0+1,f
  1248  0651  3000               	movlw	0
  1249  0652  07AB               	addwf	_cont0+1,f
  1250                           
  1251                           ;interupciones.c: 165:             _delay((unsigned long)((500)*(8000000/4000.0)));
  1252  0653  3006               	movlw	6
  1253  0654  00F2               	movwf	??_aumentar+2
  1254  0655  3013               	movlw	19
  1255  0656  00F1               	movwf	??_aumentar+1
  1256  0657  30AD               	movlw	173
  1257  0658  00F0               	movwf	??_aumentar
  1258  0659                     u397:
  1259  0659  0BF0               	decfsz	??_aumentar,f
  1260  065A  2E59               	goto	u397
  1261  065B  0BF1               	decfsz	??_aumentar+1,f
  1262  065C  2E59               	goto	u397
  1263  065D  0BF2               	decfsz	??_aumentar+2,f
  1264  065E  2E59               	goto	u397
  1265  065F  2E60               	nop2
  1266  0660                     l992:
  1267                           
  1268                           ;interupciones.c: 166:             IOCBbits.IOCB0 = 0;
  1269  0660  1683               	bsf	3,5	;RP0=1, select bank1
  1270  0661  1303               	bcf	3,6	;RP1=0, select bank1
  1271  0662  1016               	bcf	22,0	;volatile
  1272  0663                     l994:
  1273  0663  1283               	bcf	3,5	;RP0=0, select bank0
  1274  0664  1806               	btfsc	6,0	;volatile
  1275  0665  2E67               	goto	u291
  1276  0666  2E68               	goto	u290
  1277  0667                     u291:
  1278  0667  2E63               	goto	l994
  1279  0668                     u290:
  1280  0668                     l996:
  1281                           
  1282                           ;interupciones.c: 168:             PORTA = cont0;
  1283  0668  082A               	movf	_cont0,w
  1284  0669  0085               	movwf	5	;volatile
  1285  066A                     l97:
  1286  066A  0008               	return
  1287  066B                     __end_of_aumentar:
  1288  007E                     btemp	set	126	;btemp
  1289  007E                     wtemp0	set	126
  1290                           
  1291                           	psect	config
  1292                           
  1293                           ;Config register CONFIG1 @ 0x2007
  1294                           ;	Oscillator Selection bits
  1295                           ;	FOSC = INTRC_NOCLKOUT, INTOSCIO oscillator: I/O function on RA6/OSC2/CLKOUT pin, I/O f
      +                          unction on RA7/OSC1/CLKIN
  1296                           ;	Watchdog Timer Enable bit
  1297                           ;	WDTE = OFF, WDT disabled and can be enabled by SWDTEN bit of the WDTCON register
  1298                           ;	Power-up Timer Enable bit
  1299                           ;	PWRTE = OFF, PWRT disabled
  1300                           ;	RE3/MCLR pin function select bit
  1301                           ;	MCLRE = OFF, RE3/MCLR pin function is digital input, MCLR internally tied to VDD
  1302                           ;	Code Protection bit
  1303                           ;	CP = OFF, Program memory code protection is disabled
  1304                           ;	Data Code Protection bit
  1305                           ;	CPD = OFF, Data memory code protection is disabled
  1306                           ;	Brown Out Reset Selection bits
  1307                           ;	BOREN = OFF, BOR disabled
  1308                           ;	Internal External Switchover bit
  1309                           ;	IESO = OFF, Internal/External Switchover mode is disabled
  1310                           ;	Fail-Safe Clock Monitor Enabled bit
  1311                           ;	FCMEN = OFF, Fail-Safe Clock Monitor is disabled
  1312                           ;	Low Voltage Programming Enable bit
  1313                           ;	LVP = OFF, RB3 pin has digital I/O, HV on MCLR must be used for programming
  1314                           ;	In-Circuit Debugger Mode bit
  1315                           ;	DEBUG = 0x1, unprogrammed default
  1316  2007                     	org	8199
  1317  2007  20D4               	dw	8404
  1318                           
  1319                           ;Config register CONFIG2 @ 0x2008
  1320                           ;	Brown-out Reset Selection bit
  1321                           ;	BOR4V = BOR40V, Brown-out Reset set to 4.0V
  1322                           ;	Flash Program Memory Self Write Enable bits
  1323                           ;	WRT = OFF, Write protection off
  1324  2008                     	org	8200
  1325  2008  3FFF               	dw	16383

Data Sizes:
    Strings     0
    Constant    16
    Data        2
    BSS         12
    Persistent  0
    Stack       0

Auto Spaces:
    Space          Size  Autos    Used
    COMMON           14     14      14
    BANK0            80      2      16
    BANK1            80      0       0
    BANK3            96      0       0
    BANK2            96      0       0

Pointer List with Targets:

    None.

Critical Paths under _main in COMMON

    _main->_multiplexor
    _multiplexor->___awdiv

Critical Paths under _main in BANK0

    None.

Critical Paths under _main in BANK1

    None.

Critical Paths under _main in BANK3

    None.

Critical Paths under _main in BANK2

    None.

Call Graph Tables:

 ---------------------------------------------------------------------------------
 (Depth) Function   	        Calls       Base Space   Used Autos Params    Refs
 ---------------------------------------------------------------------------------
 (0) _main                                                 5     5      0     500
                                             11 COMMON     3     3      0
                                              0 BANK0      2     2      0
                           _aumentar
                        _multiplexor
                             _restar
                              _setup
 ---------------------------------------------------------------------------------
 (1) _setup                                                0     0      0       0
 ---------------------------------------------------------------------------------
 (1) _restar                                               3     3      0       0
                                              0 COMMON     3     3      0
 ---------------------------------------------------------------------------------
 (1) _multiplexor                                          2     2      0     452
                                              9 COMMON     2     2      0
                            ___awdiv
 ---------------------------------------------------------------------------------
 (2) ___awdiv                                              9     5      4     452
                                              0 COMMON     9     5      4
 ---------------------------------------------------------------------------------
 (1) _aumentar                                             3     3      0       0
                                              0 COMMON     3     3      0
 ---------------------------------------------------------------------------------
 Estimated maximum stack depth 2
 ---------------------------------------------------------------------------------

 Call Graph Graphs:

 _main (ROOT)
   _aumentar
   _multiplexor
     ___awdiv
   _restar
   _setup

 Address spaces:
Name               Size   Autos  Total    Cost      Usage
BANK3               60      0       0       9        0.0%
BITBANK3            60      0       0       8        0.0%
SFR3                 0      0       0       4        0.0%
BITSFR3              0      0       0       4        0.0%
BANK2               60      0       0      11        0.0%
BITBANK2            60      0       0      10        0.0%
SFR2                 0      0       0       5        0.0%
BITSFR2              0      0       0       5        0.0%
BANK1               50      0       0       7        0.0%
BITBANK1            50      0       0       6        0.0%
SFR1                 0      0       0       2        0.0%
BITSFR1              0      0       0       2        0.0%
BANK0               50      2      10       5       20.0%
BITBANK0            50      0       0       4        0.0%
SFR0                 0      0       0       1        0.0%
BITSFR0              0      0       0       1        0.0%
COMMON               E      E       E       1      100.0%
BITCOMMON            E      0       0       0        0.0%
CODE                 0      0       0       0        0.0%
DATA                 0      0      1E      12        0.0%
ABS                  0      0      1E       3        0.0%
NULL                 0      0       0       0        0.0%
STACK                0      0       0       2        0.0%
EEDATA             100      0       0       0        0.0%


Microchip Technology PIC Macro Assembler V2.31 build 20201012212115 
Symbol Table                                                                                   Fri Feb 05 23:00:47 2021

                      pc 0002                       l92 0704                       l97 066A  
                     l89 06C1             ___awdiv@sign 0076                       fsr 0004  
                    l102 068B                      l341 076B                      l900 0734  
                    l910 0757                      l902 0738                      l904 0749  
                    l912 075D                      l920 068C                      l914 0762  
                    l906 074F                      l930 0695                      l922 0690  
                    l916 0767                      l908 0750                      l940 069D  
                    l932 0696                      l924 0691                      l950 06A7  
                    l942 069E                      l934 0698                      l926 0692  
                    l880 070A                      l960 06AC                      l952 06A8  
                    l944 06A0                      l936 069B                      l928 0694  
                    l890 071E                      l882 070F                      l970 06B5  
                    l962 06AF                      l954 06A9                      l946 06A3  
                    l938 069C                      l892 0720                      l884 0711  
                    l876 0705                      l980 06BC                      l972 06B6  
                    l964 06B0                      l956 06AA                      l948 06A4  
                    l990 064D                      l894 0726                      l886 0715  
                    l878 0706                      l982 06BD                      l974 06B9  
                    l966 06B1                      l958 06AB                      l992 0660  
                    l896 0729                      l888 071A                      l984 06BF  
                    l976 06BA                      l968 06B4                      l994 0663  
                    l898 0730                      l986 06C0                      l978 06BB  
                    l996 0668                      l988 064A                      l998 066B  
                    u200 0715                      u201 0714                      u210 0726  
                    u211 0725                      u300 0686                      u301 0685  
                    u230 0738                      u310 0785                      u231 0737  
                    u311 0784                      u320 0799                      u225 072A  
                    u321 0798                      u250 0749                      u330 07A5  
                    u251 0748                      u331 07A4                      u340 07BD  
                    u245 0739                      u341 07BC                      u270 075D  
                    u190 070A                      u350 07D1                      u271 075C  
                    u255 0745                      u191 0709                      u351 07D0  
                    u280 0762                      u360 07DB                      u281 0761  
                    u265 0751                      u361 07DA                      u290 0668  
                    u291 0667                      u355 07CD                      u377 0777  
                    u387 0679                      u397 0659                      _adc 0028  
                    fsr0 0004                     l1000 0680                     l1010 06E7  
                   l1002 0686                     l1020 0701                     l1012 06ED  
                   l1004 0688                     l1022 0702                     l1014 06F6  
                   l1006 06C2                     l1030 077E                     l1024 0703  
                   l1016 06F7                     l1008 06D2                     l1040 079E  
                   l1032 0781                     l1018 06F8                     l1050 07C2  
                   l1042 07A1                     l1034 0785                     l1026 076C  
                   l1052 07D1                     l1044 07A5                     l1036 0787  
                   l1028 0771                     l1054 07D5                     l1046 07A7  
                   l1038 0799                     l1056 07DB                     l1048 07BD  
                   _IOCB 0096                     _main 076C                     _todo 002C  
                   btemp 007E                     _volt 0020                     start 0000  
                  ?_main 0070          __end_of___awdiv 076C          ___awdiv@divisor 0070  
        ___awdiv@counter 0075                    _PORTA 0005                    _PORTB 0006  
                  _PORTC 0007                    _PORTD 0008                    _PORTE 0009  
                  _TRISA 0085                    _TRISB 0086                    _TRISC 0087  
                  _TRISD 0088                    _TRISE 0089          __end_of_display 0019  
                  _ciclo 002D                    _cont0 002A                    _seg_1 0026  
                  _seg_2 0024                    _setup 068C                    pclath 000A  
                  status 0003                    wtemp0 007E          __initialization 07E4  
           __end_of_main 07E4                   ??_main 007B                   _ADRESH 001E  
       ___awdiv@dividend 0072                   ?_setup 0070                   _ANSELH 0189  
       __end_of_aumentar 066B                ??___awdiv 0074         ___awdiv@quotient 0077  
                 _restar 066B             ?_multiplexor 0070  __end_of__initialization 07FC  
         __pcstackCOMMON 0070             __pidataBANK0 0648            __end_of_setup 06C2  
                ??_setup 0070               __pbssBANK0 0020               __pmaintext 076C  
                ?_restar 0070               __stringtab 0003                ?_aumentar 0070  
                ___awdiv 0705                _ANSELbits 0188                  __ptext1 068C  
                __ptext2 066B                  __ptext3 06C2                  __ptext4 0705  
                __ptext5 064A          __size_of_restar 0021                  _display 0009  
   end_of_initialization 07FC               ??_aumentar 0070     __size_of_multiplexor 0043  
              _PORTBbits 0006                _PORTCbits 0007           __end_of_restar 068C  
    start_initialization 07E4              __pdataBANK0 002C                 ??_restar 0070  
              ___latbits 0002            __pcstackBANK0 002E        __size_of_aumentar 0021  
               ?___awdiv 0070                __pstrings 0003           __size_of_setup 0036  
               _IOCBbits 0096                 _PIE1bits 008C               _ADCON0bits 001F  
            __stringbase 0008               _ADCON1bits 009F            ??_multiplexor 0079  
       __size_of___awdiv 0067       __end_of__stringtab 0009                 _main$313 002E  
               _main$314 002F                 _aumentar 064A            __size_of_main 0078  
    __end_of_multiplexor 0705               _INTCONbits 000B                stringcode 0003  
             _OSCCONbits 008F                 stringdir 0003                 stringtab 0003  
            _multiplexor 06C2  
